<?xml version="1.0" encoding="UTF-8"?>
<!-- Generated by org.testng.reporters.JUnitXMLReporter -->
<testsuite ignored="0" hostname="DESKTOP-CASVOF0" failures="0" tests="3" name="Test" time="18.714" errors="0" timestamp="2022-02-01T15:58:37 IST">
  <testcase classname="SimpleTestNGExample.TestClass" name="Checktitle" time="0.079"/>
  <testcase classname="SimpleTestNGExample.TestClass" name="Checkurl" time="0.027"/>
  <testcase classname="SimpleTestNGExample.TestClass2" name="CheckGoogleLogo" time="0.153"/>
</testsuite> <!-- Test -->
