<?xml version="1.0" encoding="UTF-8"?>
<testng-results ignored="0" total="3" passed="3" failed="0" skipped="0">
  <reporter-output>
  </reporter-output>
  <suite started-at="2022-02-01T15:58:18 IST" name="Suite" finished-at="2022-02-01T15:58:37 IST" duration-ms="18714">
    <groups>
    </groups>
    <test started-at="2022-02-01T15:58:18 IST" name="Test" finished-at="2022-02-01T15:58:37 IST" duration-ms="18714">
      <class name="SimpleTestNGExample.TestClass">
        <test-method is-config="true" signature="setup()[pri:0, instance:SimpleTestNGExample.TestClass@e041f0c]" started-at="2022-02-01T15:58:19 IST" name="setup" finished-at="2022-02-01T15:58:26 IST" duration-ms="7639" status="PASS">
          <reporter-output>
          </reporter-output>
        </test-method> <!-- setup -->
        <test-method signature="Checktitle()[pri:1, instance:SimpleTestNGExample.TestClass@e041f0c]" started-at="2022-02-01T15:58:26 IST" name="Checktitle" finished-at="2022-02-01T15:58:26 IST" duration-ms="79" status="PASS">
          <reporter-output>
          </reporter-output>
        </test-method> <!-- Checktitle -->
        <test-method is-config="true" signature="teardown()[pri:0, instance:SimpleTestNGExample.TestClass@e041f0c]" started-at="2022-02-01T15:58:26 IST" name="teardown" finished-at="2022-02-01T15:58:27 IST" duration-ms="468" status="PASS">
          <reporter-output>
          </reporter-output>
        </test-method> <!-- teardown -->
        <test-method is-config="true" signature="setup()[pri:0, instance:SimpleTestNGExample.TestClass@e041f0c]" started-at="2022-02-01T15:58:27 IST" name="setup" finished-at="2022-02-01T15:58:32 IST" duration-ms="5272" status="PASS">
          <reporter-output>
          </reporter-output>
        </test-method> <!-- setup -->
        <test-method signature="Checkurl()[pri:2, instance:SimpleTestNGExample.TestClass@e041f0c]" started-at="2022-02-01T15:58:32 IST" name="Checkurl" finished-at="2022-02-01T15:58:32 IST" duration-ms="27" status="PASS">
          <reporter-output>
          </reporter-output>
        </test-method> <!-- Checkurl -->
        <test-method is-config="true" signature="teardown()[pri:0, instance:SimpleTestNGExample.TestClass@e041f0c]" started-at="2022-02-01T15:58:32 IST" name="teardown" finished-at="2022-02-01T15:58:32 IST" duration-ms="215" status="PASS">
          <reporter-output>
          </reporter-output>
        </test-method> <!-- teardown -->
      </class> <!-- SimpleTestNGExample.TestClass -->
      <class name="SimpleTestNGExample.TestClass2">
        <test-method is-config="true" signature="setup()[pri:0, instance:SimpleTestNGExample.TestClass2@5a772895]" started-at="2022-02-01T15:58:32 IST" name="setup" finished-at="2022-02-01T15:58:37 IST" duration-ms="4551" status="PASS">
          <reporter-output>
          </reporter-output>
        </test-method> <!-- setup -->
        <test-method signature="CheckGoogleLogo()[pri:1, instance:SimpleTestNGExample.TestClass2@5a772895]" started-at="2022-02-01T15:58:37 IST" name="CheckGoogleLogo" finished-at="2022-02-01T15:58:37 IST" duration-ms="153" status="PASS">
          <reporter-output>
          </reporter-output>
        </test-method> <!-- CheckGoogleLogo -->
        <test-method is-config="true" signature="teardown()[pri:0, instance:SimpleTestNGExample.TestClass2@5a772895]" started-at="2022-02-01T15:58:37 IST" name="teardown" finished-at="2022-02-01T15:58:37 IST" duration-ms="196" status="PASS">
          <reporter-output>
          </reporter-output>
        </test-method> <!-- teardown -->
      </class> <!-- SimpleTestNGExample.TestClass2 -->
    </test> <!-- Test -->
  </suite> <!-- Suite -->
</testng-results>
